{"C:\\laragon\\www\\nodejs\\codex-backend\\src\\controllers\\locationController.js": {"path":"C:\\laragon\\www\\nodejs\\codex-backend\\src\\controllers\\locationController.js","statementMap":{"0":{"start":{"line":1,"column":13},"end":{"line":1,"column":38}},"1":{"start":{"line":7,"column":29},"end":{"line":28,"column":1}},"2":{"start":{"line":8,"column":4},"end":{"line":27,"column":5}},"3":{"start":{"line":10,"column":22},"end":{"line":14,"column":47}},"4":{"start":{"line":16,"column":8},"end":{"line":20,"column":11}},"5":{"start":{"line":22,"column":8},"end":{"line":22,"column":64}},"6":{"start":{"line":23,"column":8},"end":{"line":26,"column":11}},"7":{"start":{"line":34,"column":31},"end":{"line":66,"column":1}},"8":{"start":{"line":35,"column":4},"end":{"line":65,"column":5}},"9":{"start":{"line":36,"column":27},"end":{"line":36,"column":37}},"10":{"start":{"line":38,"column":21},"end":{"line":39,"column":73}},"11":{"start":{"line":41,"column":8},"end":{"line":46,"column":9}},"12":{"start":{"line":42,"column":12},"end":{"line":45,"column":15}},"13":{"start":{"line":48,"column":8},"end":{"line":58,"column":11}},"14":{"start":{"line":60,"column":8},"end":{"line":60,"column":70}},"15":{"start":{"line":61,"column":8},"end":{"line":64,"column":11}},"16":{"start":{"line":68,"column":0},"end":{"line":71,"column":2}}},"fnMap":{"0":{"name":"(anonymous_0)","decl":{"start":{"line":7,"column":29},"end":{"line":7,"column":30}},"loc":{"start":{"line":7,"column":49},"end":{"line":28,"column":1}},"line":7},"1":{"name":"(anonymous_1)","decl":{"start":{"line":34,"column":31},"end":{"line":34,"column":32}},"loc":{"start":{"line":34,"column":51},"end":{"line":66,"column":1}},"line":34}},"branchMap":{"0":{"loc":{"start":{"line":41,"column":8},"end":{"line":46,"column":9}},"type":"if","locations":[{"start":{"line":41,"column":8},"end":{"line":46,"column":9}},{"start":{},"end":{}}],"line":41},"1":{"loc":{"start":{"line":56,"column":25},"end":{"line":56,"column":51}},"type":"binary-expr","locations":[{"start":{"line":56,"column":25},"end":{"line":56,"column":45}},{"start":{"line":56,"column":49},"end":{"line":56,"column":51}}],"line":56}},"s":{"0":2,"1":2,"2":3,"3":3,"4":2,"5":1,"6":1,"7":2,"8":3,"9":3,"10":3,"11":3,"12":1,"13":2,"14":0,"15":0,"16":2},"f":{"0":3,"1":3},"b":{"0":[1,2],"1":[2,0]},"_coverageSchema":"1a1c01bbd47fc00a2c39e90264f33305004495a9","hash":"5574c9f369308a0f88878c32771e115e8059a074"}
,"C:\\laragon\\www\\nodejs\\codex-backend\\src\\models\\User.js": {"path":"C:\\laragon\\www\\nodejs\\codex-backend\\src\\models\\User.js","statementMap":{"0":{"start":{"line":1,"column":17},"end":{"line":1,"column":36}},"1":{"start":{"line":2,"column":15},"end":{"line":2,"column":34}},"2":{"start":{"line":4,"column":19},"end":{"line":52,"column":2}},"3":{"start":{"line":55,"column":0},"end":{"line":84,"column":3}},"4":{"start":{"line":57,"column":4},"end":{"line":73,"column":5}},"5":{"start":{"line":58,"column":8},"end":{"line":60,"column":9}},"6":{"start":{"line":59,"column":12},"end":{"line":59,"column":38}},"7":{"start":{"line":63,"column":8},"end":{"line":67,"column":11}},"8":{"start":{"line":70,"column":8},"end":{"line":72,"column":9}},"9":{"start":{"line":71,"column":12},"end":{"line":71,"column":67}},"10":{"start":{"line":75,"column":4},"end":{"line":75,"column":52}},"11":{"start":{"line":75,"column":38},"end":{"line":75,"column":52}},"12":{"start":{"line":77,"column":4},"end":{"line":83,"column":5}},"13":{"start":{"line":78,"column":21},"end":{"line":78,"column":45}},"14":{"start":{"line":79,"column":8},"end":{"line":79,"column":63}},"15":{"start":{"line":80,"column":8},"end":{"line":80,"column":15}},"16":{"start":{"line":82,"column":8},"end":{"line":82,"column":20}},"17":{"start":{"line":87,"column":0},"end":{"line":89,"column":2}},"18":{"start":{"line":88,"column":4},"end":{"line":88,"column":66}},"19":{"start":{"line":91,"column":0},"end":{"line":91,"column":52}}},"fnMap":{"0":{"name":"(anonymous_0)","decl":{"start":{"line":55,"column":23},"end":{"line":55,"column":24}},"loc":{"start":{"line":55,"column":44},"end":{"line":84,"column":1}},"line":55},"1":{"name":"(anonymous_1)","decl":{"start":{"line":87,"column":37},"end":{"line":87,"column":38}},"loc":{"start":{"line":87,"column":71},"end":{"line":89,"column":1}},"line":87}},"branchMap":{"0":{"loc":{"start":{"line":57,"column":4},"end":{"line":73,"column":5}},"type":"if","locations":[{"start":{"line":57,"column":4},"end":{"line":73,"column":5}},{"start":{},"end":{}}],"line":57},"1":{"loc":{"start":{"line":57,"column":8},"end":{"line":57,"column":88}},"type":"binary-expr","locations":[{"start":{"line":57,"column":8},"end":{"line":57,"column":35}},{"start":{"line":57,"column":39},"end":{"line":57,"column":61}},{"start":{"line":57,"column":65},"end":{"line":57,"column":88}}],"line":57},"2":{"loc":{"start":{"line":58,"column":8},"end":{"line":60,"column":9}},"type":"if","locations":[{"start":{"line":58,"column":8},"end":{"line":60,"column":9}},{"start":{},"end":{}}],"line":58},"3":{"loc":{"start":{"line":66,"column":23},"end":{"line":66,"column":60}},"type":"binary-expr","locations":[{"start":{"line":66,"column":23},"end":{"line":66,"column":46}},{"start":{"line":66,"column":50},"end":{"line":66,"column":60}}],"line":66},"4":{"loc":{"start":{"line":70,"column":8},"end":{"line":72,"column":9}},"type":"if","locations":[{"start":{"line":70,"column":8},"end":{"line":72,"column":9}},{"start":{},"end":{}}],"line":70},"5":{"loc":{"start":{"line":75,"column":4},"end":{"line":75,"column":52}},"type":"if","locations":[{"start":{"line":75,"column":4},"end":{"line":75,"column":52}},{"start":{},"end":{}}],"line":75}},"s":{"0":4,"1":4,"2":4,"3":4,"4":58,"5":55,"6":0,"7":55,"8":55,"9":4,"10":58,"11":55,"12":3,"13":3,"14":3,"15":3,"16":0,"17":4,"18":0,"19":4},"f":{"0":58,"1":0},"b":{"0":[55,3],"1":[58,57,55],"2":[0,55],"3":[55,0],"4":[4,51],"5":[55,3]},"_coverageSchema":"1a1c01bbd47fc00a2c39e90264f33305004495a9","hash":"7a26cfab24021661f2fff63c25540a6d8db102ce"}
,"C:\\laragon\\www\\nodejs\\codex-backend\\src\\routes\\locationRoutes.js": {"path":"C:\\laragon\\www\\nodejs\\codex-backend\\src\\routes\\locationRoutes.js","statementMap":{"0":{"start":{"line":1,"column":16},"end":{"line":1,"column":34}},"1":{"start":{"line":2,"column":15},"end":{"line":2,"column":31}},"2":{"start":{"line":3,"column":57},"end":{"line":3,"column":101}},"3":{"start":{"line":4,"column":30},"end":{"line":4,"column":69}},"4":{"start":{"line":7,"column":0},"end":{"line":7,"column":62}},"5":{"start":{"line":8,"column":0},"end":{"line":8,"column":74}},"6":{"start":{"line":10,"column":0},"end":{"line":10,"column":24}}},"fnMap":{},"branchMap":{},"s":{"0":1,"1":1,"2":1,"3":1,"4":1,"5":1,"6":1},"f":{},"b":{},"_coverageSchema":"1a1c01bbd47fc00a2c39e90264f33305004495a9","hash":"23062b6b3b72a36f3cdc65013c7c396f7c3988f6"}
,"C:\\laragon\\www\\nodejs\\codex-backend\\src\\services\\socket.js": {"path":"C:\\laragon\\www\\nodejs\\codex-backend\\src\\services\\socket.js","statementMap":{"0":{"start":{"line":1,"column":15},"end":{"line":1,"column":42}},"1":{"start":{"line":2,"column":13},"end":{"line":2,"column":38}},"2":{"start":{"line":5,"column":0},"end":{"line":79,"column":3}},"3":{"start":{"line":6,"column":4},"end":{"line":6,"column":48}},"4":{"start":{"line":9,"column":4},"end":{"line":18,"column":7}},"5":{"start":{"line":10,"column":27},"end":{"line":10,"column":31}},"6":{"start":{"line":11,"column":8},"end":{"line":17,"column":9}},"7":{"start":{"line":12,"column":12},"end":{"line":12,"column":42}},"8":{"start":{"line":13,"column":12},"end":{"line":13,"column":69}},"9":{"start":{"line":16,"column":12},"end":{"line":16,"column":68}},"10":{"start":{"line":21,"column":4},"end":{"line":44,"column":7}},"11":{"start":{"line":22,"column":8},"end":{"line":43,"column":9}},"12":{"start":{"line":23,"column":26},"end":{"line":27,"column":51}},"13":{"start":{"line":29,"column":12},"end":{"line":39,"column":15}},"14":{"start":{"line":31,"column":39},"end":{"line":38,"column":17}},"15":{"start":{"line":41,"column":12},"end":{"line":41,"column":66}},"16":{"start":{"line":42,"column":12},"end":{"line":42,"column":97}},"17":{"start":{"line":47,"column":4},"end":{"line":74,"column":7}},"18":{"start":{"line":48,"column":48},"end":{"line":48,"column":52}},"19":{"start":{"line":50,"column":8},"end":{"line":73,"column":9}},"20":{"start":{"line":51,"column":25},"end":{"line":51,"column":52}},"21":{"start":{"line":52,"column":12},"end":{"line":70,"column":13}},"22":{"start":{"line":53,"column":16},"end":{"line":57,"column":18}},"23":{"start":{"line":59,"column":16},"end":{"line":59,"column":34}},"24":{"start":{"line":62,"column":16},"end":{"line":69,"column":19}},"25":{"start":{"line":72,"column":12},"end":{"line":72,"column":72}},"26":{"start":{"line":76,"column":4},"end":{"line":78,"column":7}},"27":{"start":{"line":77,"column":8},"end":{"line":77,"column":55}},"28":{"start":{"line":81,"column":0},"end":{"line":81,"column":44}},"29":{"start":{"line":83,"column":0},"end":{"line":83,"column":24}}},"fnMap":{"0":{"name":"(anonymous_0)","decl":{"start":{"line":5,"column":20},"end":{"line":5,"column":21}},"loc":{"start":{"line":5,"column":32},"end":{"line":79,"column":1}},"line":5},"1":{"name":"(anonymous_1)","decl":{"start":{"line":9,"column":35},"end":{"line":9,"column":36}},"loc":{"start":{"line":9,"column":51},"end":{"line":18,"column":5}},"line":9},"2":{"name":"(anonymous_2)","decl":{"start":{"line":21,"column":35},"end":{"line":21,"column":36}},"loc":{"start":{"line":21,"column":47},"end":{"line":44,"column":5}},"line":21},"3":{"name":"(anonymous_3)","decl":{"start":{"line":31,"column":33},"end":{"line":31,"column":34}},"loc":{"start":{"line":31,"column":39},"end":{"line":38,"column":17}},"line":31},"4":{"name":"(anonymous_4)","decl":{"start":{"line":47,"column":33},"end":{"line":47,"column":34}},"loc":{"start":{"line":47,"column":49},"end":{"line":74,"column":5}},"line":47},"5":{"name":"(anonymous_5)","decl":{"start":{"line":76,"column":28},"end":{"line":76,"column":29}},"loc":{"start":{"line":76,"column":34},"end":{"line":78,"column":5}},"line":76}},"branchMap":{"0":{"loc":{"start":{"line":11,"column":8},"end":{"line":17,"column":9}},"type":"if","locations":[{"start":{"line":11,"column":8},"end":{"line":17,"column":9}},{"start":{},"end":{}}],"line":11},"1":{"loc":{"start":{"line":52,"column":12},"end":{"line":70,"column":13}},"type":"if","locations":[{"start":{"line":52,"column":12},"end":{"line":70,"column":13}},{"start":{},"end":{}}],"line":52}},"s":{"0":2,"1":2,"2":2,"3":1,"4":1,"5":1,"6":1,"7":1,"8":1,"9":1,"10":1,"11":0,"12":0,"13":0,"14":0,"15":0,"16":0,"17":1,"18":0,"19":0,"20":0,"21":0,"22":0,"23":0,"24":0,"25":0,"26":1,"27":0,"28":2,"29":2},"f":{"0":1,"1":1,"2":0,"3":0,"4":0,"5":0},"b":{"0":[1,0],"1":[0,0]},"_coverageSchema":"1a1c01bbd47fc00a2c39e90264f33305004495a9","hash":"195f056d2242d5fac179061258ec60cd5a989097"}
}
