TN:
SF:src\controllers\locationController.js
FN:7,(anonymous_0)
FN:34,(anonymous_1)
FNF:2
FNH:2
FNDA:3,(anonymous_0)
FNDA:3,(anonymous_1)
DA:1,2
DA:7,2
DA:8,3
DA:10,3
DA:16,2
DA:22,1
DA:23,1
DA:34,2
DA:35,3
DA:36,3
DA:38,3
DA:41,3
DA:42,1
DA:48,2
DA:60,0
DA:61,0
DA:68,2
LF:17
LH:15
BRDA:41,0,0,1
BRDA:41,0,1,2
BRDA:56,1,0,2
BRDA:56,1,1,0
BRF:4
BRH:3
end_of_record
TN:
SF:src\models\User.js
FN:55,(anonymous_0)
FN:87,(anonymous_1)
FNF:2
FNH:1
FNDA:58,(anonymous_0)
FNDA:0,(anonymous_1)
DA:1,4
DA:2,4
DA:4,4
DA:55,4
DA:57,58
DA:58,55
DA:59,0
DA:63,55
DA:70,55
DA:71,4
DA:75,58
DA:77,3
DA:78,3
DA:79,3
DA:80,3
DA:82,0
DA:87,4
DA:88,0
DA:91,4
LF:19
LH:16
BRDA:57,0,0,55
BRDA:57,0,1,3
BRDA:57,1,0,58
BRDA:57,1,1,57
BRDA:57,1,2,55
BRDA:58,2,0,0
BRDA:58,2,1,55
BRDA:66,3,0,55
BRDA:66,3,1,0
BRDA:70,4,0,4
BRDA:70,4,1,51
BRDA:75,5,0,55
BRDA:75,5,1,3
BRF:13
BRH:11
end_of_record
TN:
SF:src\routes\locationRoutes.js
FNF:0
FNH:0
DA:1,1
DA:2,1
DA:3,1
DA:4,1
DA:7,1
DA:8,1
DA:10,1
LF:7
LH:7
BRF:0
BRH:0
end_of_record
TN:
SF:src\services\socket.js
FN:5,(anonymous_0)
FN:9,(anonymous_1)
FN:21,(anonymous_2)
FN:31,(anonymous_3)
FN:47,(anonymous_4)
FN:76,(anonymous_5)
FNF:6
FNH:2
FNDA:1,(anonymous_0)
FNDA:1,(anonymous_1)
FNDA:0,(anonymous_2)
FNDA:0,(anonymous_3)
FNDA:0,(anonymous_4)
FNDA:0,(anonymous_5)
DA:1,2
DA:2,2
DA:5,2
DA:6,1
DA:9,1
DA:10,1
DA:11,1
DA:12,1
DA:13,1
DA:16,1
DA:21,1
DA:22,0
DA:23,0
DA:29,0
DA:31,0
DA:41,0
DA:42,0
DA:47,1
DA:48,0
DA:50,0
DA:51,0
DA:52,0
DA:53,0
DA:59,0
DA:62,0
DA:72,0
DA:76,1
DA:77,0
DA:81,2
DA:83,2
LF:30
LH:15
BRDA:11,0,0,1
BRDA:11,0,1,0
BRDA:52,1,0,0
BRDA:52,1,1,0
BRF:4
BRH:1
end_of_record
